{"contracts/AURGov.sol":{"l":{"32":3,"33":3,"34":3,"35":3,"42":0,"43":0,"47":0,"48":0,"52":0,"53":0,"54":0,"59":0,"60":0,"61":0,"65":0,"66":0,"70":0,"71":0,"72":0,"76":0,"77":0,"78":0,"79":0,"83":0,"85":0,"89":0,"90":0,"94":0,"95":0,"99":0,"100":0,"102":0,"107":0,"111":0,"112":0,"113":0,"114":0,"115":0,"118":0,"122":0,"123":0,"124":0,"128":0,"129":0,"130":0,"134":0,"135":0,"136":0,"140":0,"141":0,"142":0,"143":0,"144":0,"145":0,"146":0,"148":0,"149":0,"152":0,"155":0,"159":0,"160":0,"164":0},"path":"/Users/xhad/code/aurbit/strategy-game/packages/contracts/contracts/AURGov.sol","s":{"1":3,"2":3,"3":3,"4":3,"5":0,"6":0,"7":0,"8":0,"9":0,"10":0,"11":0,"12":0,"13":0,"14":0,"15":0,"16":0,"17":0,"18":0,"19":0,"20":0,"21":0,"22":0,"23":0,"24":0,"25":0,"26":0,"27":0,"28":0,"29":0,"30":0,"31":0,"32":0,"33":0,"34":0,"35":0,"36":0,"37":0,"38":0,"39":0,"40":0,"41":0,"42":0,"43":0,"44":0,"45":0,"46":0,"47":0,"48":0,"49":0,"50":0,"51":0,"52":0,"53":0,"54":0,"55":0,"56":0,"57":0,"58":0,"59":0,"60":0,"61":0},"b":{"1":[0,0],"2":[0,0],"3":[0,0],"4":[0,0],"5":[0,0],"6":[0,0],"7":[0,0],"8":[0,0],"9":[0,0],"10":[0,0],"11":[0,0],"12":[0,0],"13":[0,0],"14":[0,0],"15":[0,0],"16":[0,0],"17":[0,0],"18":[0,0],"19":[0,0]},"f":{"1":3,"2":0,"3":0,"4":0,"5":0,"6":0,"7":0,"8":0,"9":0,"10":0,"11":0,"12":0,"13":0,"14":0,"15":0,"16":0,"17":0,"18":0,"19":0,"20":0},"fnMap":{"1":{"name":"constructor","line":31,"loc":{"start":{"line":31,"column":4},"end":{"line":37,"column":4}}},"2":{"name":"withdrawAll","line":41,"loc":{"start":{"line":41,"column":4},"end":{"line":44,"column":4}}},"3":{"name":"withdrawTo","line":46,"loc":{"start":{"line":46,"column":4},"end":{"line":49,"column":4}}},"4":{"name":"setTokenContract","line":51,"loc":{"start":{"line":51,"column":4},"end":{"line":55,"column":4}}},"5":{"name":"setAvatarContract","line":57,"loc":{"start":{"line":57,"column":4},"end":{"line":62,"column":4}}},"6":{"name":"setCreateAvatarFee","line":64,"loc":{"start":{"line":64,"column":4},"end":{"line":67,"column":4}}},"7":{"name":"addPlanet","line":69,"loc":{"start":{"line":69,"column":4},"end":{"line":73,"column":4}}},"8":{"name":"setUpPlanet","line":75,"loc":{"start":{"line":75,"column":4},"end":{"line":80,"column":4}}},"9":{"name":"addRace","line":82,"loc":{"start":{"line":82,"column":4},"end":{"line":86,"column":4}}},"10":{"name":"addAdmin","line":88,"loc":{"start":{"line":88,"column":4},"end":{"line":91,"column":4}}},"11":{"name":"disableAdmin","line":93,"loc":{"start":{"line":93,"column":4},"end":{"line":96,"column":4}}},"12":{"name":"isAuthed","line":98,"loc":{"start":{"line":98,"column":4},"end":{"line":104,"column":4}}},"13":{"name":"isRaceAuthed","line":106,"loc":{"start":{"line":106,"column":4},"end":{"line":108,"column":4}}},"14":{"name":"isPlanet","line":110,"loc":{"start":{"line":110,"column":4},"end":{"line":119,"column":4}}},"15":{"name":"setPlanetTileBuyFee","line":121,"loc":{"start":{"line":121,"column":4},"end":{"line":125,"column":4}}},"16":{"name":"setPlanetMiningRate","line":127,"loc":{"start":{"line":127,"column":4},"end":{"line":131,"column":4}}},"17":{"name":"setMinAURUnit","line":133,"loc":{"start":{"line":133,"column":4},"end":{"line":137,"column":4}}},"18":{"name":"doubleAuth","line":139,"loc":{"start":{"line":139,"column":4},"end":{"line":156,"column":4}}},"19":{"name":"setEnableDoubleAuth","line":158,"loc":{"start":{"line":158,"column":4},"end":{"line":161,"column":4}}},"20":{"name":"getPlanets","line":163,"loc":{"start":{"line":163,"column":4},"end":{"line":165,"column":4}}}},"statementMap":{"1":{"start":{"line":32,"column":8},"end":{"line":32,"column":25}},"2":{"start":{"line":33,"column":8},"end":{"line":33,"column":27}},"3":{"start":{"line":34,"column":8},"end":{"line":34,"column":35}},"4":{"start":{"line":35,"column":8},"end":{"line":35,"column":23}},"5":{"start":{"line":42,"column":8},"end":{"line":42,"column":38}},"6":{"start":{"line":43,"column":8},"end":{"line":43,"column":49}},"7":{"start":{"line":47,"column":8},"end":{"line":47,"column":38}},"8":{"start":{"line":48,"column":8},"end":{"line":48,"column":30}},"9":{"start":{"line":52,"column":8},"end":{"line":52,"column":38}},"10":{"start":{"line":53,"column":8},"end":{"line":53,"column":37}},"11":{"start":{"line":54,"column":8},"end":{"line":54,"column":38}},"12":{"start":{"line":59,"column":8},"end":{"line":59,"column":38}},"13":{"start":{"line":60,"column":8},"end":{"line":60,"column":39}},"14":{"start":{"line":61,"column":8},"end":{"line":61,"column":39}},"15":{"start":{"line":65,"column":8},"end":{"line":65,"column":38}},"16":{"start":{"line":66,"column":8},"end":{"line":66,"column":41}},"17":{"start":{"line":70,"column":8},"end":{"line":70,"column":38}},"18":{"start":{"line":71,"column":8},"end":{"line":71,"column":31}},"19":{"start":{"line":72,"column":8},"end":{"line":72,"column":30}},"20":{"start":{"line":76,"column":8},"end":{"line":76,"column":38}},"21":{"start":{"line":77,"column":8},"end":{"line":77,"column":40}},"22":{"start":{"line":78,"column":8},"end":{"line":78,"column":41}},"23":{"start":{"line":79,"column":8},"end":{"line":79,"column":43}},"24":{"start":{"line":83,"column":8},"end":{"line":83,"column":38}},"25":{"start":{"line":85,"column":8},"end":{"line":85,"column":29}},"26":{"start":{"line":89,"column":8},"end":{"line":89,"column":38}},"27":{"start":{"line":90,"column":8},"end":{"line":90,"column":31}},"28":{"start":{"line":94,"column":8},"end":{"line":94,"column":39}},"29":{"start":{"line":95,"column":8},"end":{"line":95,"column":31}},"30":{"start":{"line":99,"column":8},"end":{"line":99,"column":2950}},"31":{"start":{"line":100,"column":12},"end":{"line":100,"column":39}},"32":{"start":{"line":102,"column":12},"end":{"line":102,"column":37}},"33":{"start":{"line":107,"column":8},"end":{"line":107,"column":27}},"34":{"start":{"line":111,"column":8},"end":{"line":111,"column":24}},"35":{"start":{"line":112,"column":8},"end":{"line":112,"column":3323}},"36":{"start":{"line":113,"column":12},"end":{"line":113,"column":3387}},"37":{"start":{"line":114,"column":16},"end":{"line":114,"column":25}},"38":{"start":{"line":118,"column":8},"end":{"line":118,"column":18}},"39":{"start":{"line":122,"column":8},"end":{"line":122,"column":39}},"40":{"start":{"line":123,"column":8},"end":{"line":123,"column":37}},"41":{"start":{"line":124,"column":8},"end":{"line":124,"column":36}},"42":{"start":{"line":128,"column":8},"end":{"line":128,"column":39}},"43":{"start":{"line":129,"column":8},"end":{"line":129,"column":37}},"44":{"start":{"line":130,"column":8},"end":{"line":130,"column":36}},"45":{"start":{"line":134,"column":8},"end":{"line":134,"column":39}},"46":{"start":{"line":135,"column":8},"end":{"line":135,"column":37}},"47":{"start":{"line":136,"column":8},"end":{"line":136,"column":36}},"48":{"start":{"line":140,"column":8},"end":{"line":140,"column":45}},"49":{"start":{"line":141,"column":8},"end":{"line":141,"column":24}},"50":{"start":{"line":142,"column":8},"end":{"line":142,"column":4285}},"51":{"start":{"line":143,"column":12},"end":{"line":143,"column":4333}},"52":{"start":{"line":144,"column":16},"end":{"line":144,"column":25}},"53":{"start":{"line":145,"column":16},"end":{"line":145,"column":32}},"54":{"start":{"line":146,"column":16},"end":{"line":146,"column":40}},"55":{"start":{"line":148,"column":16},"end":{"line":148,"column":45}},"56":{"start":{"line":149,"column":16},"end":{"line":149,"column":38}},"57":{"start":{"line":152,"column":12},"end":{"line":152,"column":41}},"58":{"start":{"line":155,"column":8},"end":{"line":155,"column":18}},"59":{"start":{"line":159,"column":8},"end":{"line":159,"column":39}},"60":{"start":{"line":160,"column":8},"end":{"line":160,"column":32}},"61":{"start":{"line":164,"column":8},"end":{"line":164,"column":24}}},"branchMap":{"1":{"line":42,"type":"if","locations":[{"start":{"line":42,"column":8},"end":{"line":42,"column":8}},{"start":{"line":42,"column":8},"end":{"line":42,"column":8}}]},"2":{"line":47,"type":"if","locations":[{"start":{"line":47,"column":8},"end":{"line":47,"column":8}},{"start":{"line":47,"column":8},"end":{"line":47,"column":8}}]},"3":{"line":52,"type":"if","locations":[{"start":{"line":52,"column":8},"end":{"line":52,"column":8}},{"start":{"line":52,"column":8},"end":{"line":52,"column":8}}]},"4":{"line":59,"type":"if","locations":[{"start":{"line":59,"column":8},"end":{"line":59,"column":8}},{"start":{"line":59,"column":8},"end":{"line":59,"column":8}}]},"5":{"line":65,"type":"if","locations":[{"start":{"line":65,"column":8},"end":{"line":65,"column":8}},{"start":{"line":65,"column":8},"end":{"line":65,"column":8}}]},"6":{"line":70,"type":"if","locations":[{"start":{"line":70,"column":8},"end":{"line":70,"column":8}},{"start":{"line":70,"column":8},"end":{"line":70,"column":8}}]},"7":{"line":76,"type":"if","locations":[{"start":{"line":76,"column":8},"end":{"line":76,"column":8}},{"start":{"line":76,"column":8},"end":{"line":76,"column":8}}]},"8":{"line":83,"type":"if","locations":[{"start":{"line":83,"column":8},"end":{"line":83,"column":8}},{"start":{"line":83,"column":8},"end":{"line":83,"column":8}}]},"9":{"line":89,"type":"if","locations":[{"start":{"line":89,"column":8},"end":{"line":89,"column":8}},{"start":{"line":89,"column":8},"end":{"line":89,"column":8}}]},"10":{"line":94,"type":"if","locations":[{"start":{"line":94,"column":8},"end":{"line":94,"column":8}},{"start":{"line":94,"column":8},"end":{"line":94,"column":8}}]},"11":{"line":99,"type":"if","locations":[{"start":{"line":99,"column":8},"end":{"line":99,"column":8}},{"start":{"line":99,"column":8},"end":{"line":99,"column":8}}]},"12":{"line":113,"type":"if","locations":[{"start":{"line":113,"column":12},"end":{"line":113,"column":12}},{"start":{"line":113,"column":12},"end":{"line":113,"column":12}}]},"13":{"line":122,"type":"if","locations":[{"start":{"line":122,"column":8},"end":{"line":122,"column":8}},{"start":{"line":122,"column":8},"end":{"line":122,"column":8}}]},"14":{"line":128,"type":"if","locations":[{"start":{"line":128,"column":8},"end":{"line":128,"column":8}},{"start":{"line":128,"column":8},"end":{"line":128,"column":8}}]},"15":{"line":134,"type":"if","locations":[{"start":{"line":134,"column":8},"end":{"line":134,"column":8}},{"start":{"line":134,"column":8},"end":{"line":134,"column":8}}]},"16":{"line":140,"type":"if","locations":[{"start":{"line":140,"column":8},"end":{"line":140,"column":8}},{"start":{"line":140,"column":8},"end":{"line":140,"column":8}}]},"17":{"line":142,"type":"if","locations":[{"start":{"line":142,"column":8},"end":{"line":142,"column":8}},{"start":{"line":142,"column":8},"end":{"line":142,"column":8}}]},"18":{"line":143,"type":"if","locations":[{"start":{"line":143,"column":12},"end":{"line":143,"column":12}},{"start":{"line":143,"column":12},"end":{"line":143,"column":12}}]},"19":{"line":159,"type":"if","locations":[{"start":{"line":159,"column":8},"end":{"line":159,"column":8}},{"start":{"line":159,"column":8},"end":{"line":159,"column":8}}]}}},"contracts/AURToken.sol":{"l":{"25":0,"28":0,"29":0,"30":0,"32":0,"40":0,"41":0,"47":0,"48":0,"53":0},"path":"/Users/xhad/code/aurbit/strategy-game/packages/contracts/contracts/AURToken.sol","s":{"1":0,"2":0,"3":0,"4":0,"5":0,"6":0,"7":0,"8":0,"9":0,"10":0},"b":{"1":[0,0],"2":[0,0]},"f":{"1":0,"2":0,"3":0,"4":0},"fnMap":{"1":{"name":"constructor","line":23,"loc":{"start":{"line":21,"column":4},"end":{"line":33,"column":4}}},"2":{"name":"mintInternal","line":39,"loc":{"start":{"line":39,"column":4},"end":{"line":44,"column":4}}},"3":{"name":"burnInternal","line":46,"loc":{"start":{"line":46,"column":4},"end":{"line":49,"column":4}}},"4":{"name":"ismintAuthed","line":51,"loc":{"start":{"line":51,"column":4},"end":{"line":57,"column":4}}}},"statementMap":{"1":{"start":{"line":25,"column":8},"end":{"line":25,"column":49}},"2":{"start":{"line":28,"column":8},"end":{"line":28,"column":25}},"3":{"start":{"line":29,"column":8},"end":{"line":29,"column":32}},"4":{"start":{"line":30,"column":8},"end":{"line":30,"column":28}},"5":{"start":{"line":32,"column":8},"end":{"line":32,"column":43}},"6":{"start":{"line":40,"column":8},"end":{"line":40,"column":30}},"7":{"start":{"line":41,"column":8},"end":{"line":41,"column":51}},"8":{"start":{"line":47,"column":8},"end":{"line":47,"column":30}},"9":{"start":{"line":48,"column":8},"end":{"line":48,"column":23}},"10":{"start":{"line":53,"column":8},"end":{"line":53,"column":1945}}},"branchMap":{"1":{"line":40,"type":"if","locations":[{"start":{"line":40,"column":8},"end":{"line":40,"column":8}},{"start":{"line":40,"column":8},"end":{"line":40,"column":8}}]},"2":{"line":47,"type":"if","locations":[{"start":{"line":47,"column":8},"end":{"line":47,"column":8}},{"start":{"line":47,"column":8},"end":{"line":47,"column":8}}]}}},"contracts/AvatarAUR.sol":{"l":{"29":3,"30":3,"31":3,"35":0,"43":0,"44":0,"45":0,"46":0,"47":0,"48":0,"49":0,"50":0,"64":0,"65":0,"69":0,"70":0,"76":0,"84":0,"90":0,"92":0,"93":0,"94":0,"95":0,"96":0,"97":0,"98":0,"107":0,"112":0,"113":0,"117":0,"118":0,"119":0,"120":0,"121":0,"123":0},"path":"/Users/xhad/code/aurbit/strategy-game/packages/contracts/contracts/AvatarAUR.sol","s":{"1":3,"2":3,"3":3,"4":0,"5":0,"6":0,"7":0,"8":0,"9":0,"10":0,"11":0,"12":0,"13":0,"14":0,"15":0,"16":0,"17":0,"18":0,"19":0,"20":0,"21":0,"22":0,"23":0,"24":0,"25":0,"26":0,"27":0,"28":0,"29":0,"30":0,"31":0,"32":0,"33":0,"34":0,"35":0},"b":{"1":[0,0],"2":[0,0],"3":[0,0]},"f":{"1":3,"2":0,"3":0,"4":0,"5":0,"6":0,"7":0,"8":0,"9":0},"fnMap":{"1":{"name":"constructor","line":27,"loc":{"start":{"line":25,"column":4},"end":{"line":32,"column":4}}},"2":{"name":"forward","line":34,"loc":{"start":{"line":34,"column":4},"end":{"line":36,"column":4}}},"3":{"name":"mintAvatar","line":38,"loc":{"start":{"line":38,"column":4},"end":{"line":66,"column":4}}},"4":{"name":"setcreateAvatarFee","line":68,"loc":{"start":{"line":68,"column":4},"end":{"line":71,"column":4}}},"5":{"name":"pullcrumb","line":73,"loc":{"start":{"line":73,"column":4},"end":{"line":77,"column":4}}},"6":{"name":"_mkDNA","line":79,"loc":{"start":{"line":79,"column":4},"end":{"line":99,"column":4}}},"7":{"name":"setbyte","line":101,"loc":{"start":{"line":101,"column":4},"end":{"line":108,"column":4}}},"8":{"name":"getDNA","line":110,"loc":{"start":{"line":110,"column":4},"end":{"line":114,"column":4}}},"9":{"name":"getAvatars","line":116,"loc":{"start":{"line":116,"column":4},"end":{"line":124,"column":4}}}},"statementMap":{"1":{"start":{"line":29,"column":8},"end":{"line":29,"column":33}},"2":{"start":{"line":30,"column":8},"end":{"line":30,"column":38}},"3":{"start":{"line":31,"column":8},"end":{"line":31,"column":25}},"4":{"start":{"line":35,"column":8},"end":{"line":35,"column":50}},"5":{"start":{"line":43,"column":8},"end":{"line":43,"column":55}},"6":{"start":{"line":44,"column":8},"end":{"line":44,"column":16}},"7":{"start":{"line":45,"column":8},"end":{"line":45,"column":28}},"8":{"start":{"line":46,"column":8},"end":{"line":46,"column":40}},"9":{"start":{"line":47,"column":8},"end":{"line":47,"column":28}},"10":{"start":{"line":48,"column":8},"end":{"line":48,"column":44}},"11":{"start":{"line":49,"column":8},"end":{"line":49,"column":42}},"12":{"start":{"line":50,"column":8},"end":{"line":50,"column":1397}},"13":{"start":{"line":64,"column":8},"end":{"line":64,"column":46}},"14":{"start":{"line":65,"column":8},"end":{"line":65,"column":17}},"15":{"start":{"line":69,"column":8},"end":{"line":69,"column":41}},"16":{"start":{"line":70,"column":8},"end":{"line":70,"column":32}},"17":{"start":{"line":76,"column":8},"end":{"line":76,"column":52}},"18":{"start":{"line":84,"column":8},"end":{"line":84,"column":2353}},"19":{"start":{"line":90,"column":8},"end":{"line":90,"column":42}},"20":{"start":{"line":92,"column":8},"end":{"line":92,"column":70}},"21":{"start":{"line":93,"column":8},"end":{"line":93,"column":77}},"22":{"start":{"line":94,"column":8},"end":{"line":94,"column":76}},"23":{"start":{"line":95,"column":8},"end":{"line":95,"column":50}},"24":{"start":{"line":96,"column":8},"end":{"line":96,"column":36}},"25":{"start":{"line":97,"column":8},"end":{"line":97,"column":34}},"26":{"start":{"line":98,"column":8},"end":{"line":98,"column":18}},"27":{"start":{"line":107,"column":8},"end":{"line":107,"column":44}},"28":{"start":{"line":112,"column":8},"end":{"line":112,"column":36}},"29":{"start":{"line":113,"column":8},"end":{"line":113,"column":31}},"30":{"start":{"line":117,"column":8},"end":{"line":117,"column":44}},"31":{"start":{"line":118,"column":8},"end":{"line":118,"column":47}},"32":{"start":{"line":119,"column":8},"end":{"line":119,"column":3804}},"33":{"start":{"line":120,"column":12},"end":{"line":120,"column":61}},"34":{"start":{"line":121,"column":12},"end":{"line":121,"column":68}},"35":{"start":{"line":123,"column":8},"end":{"line":123,"column":18}}},"branchMap":{"1":{"line":43,"type":"if","locations":[{"start":{"line":43,"column":8},"end":{"line":43,"column":8}},{"start":{"line":43,"column":8},"end":{"line":43,"column":8}}]},"2":{"line":69,"type":"if","locations":[{"start":{"line":69,"column":8},"end":{"line":69,"column":8}},{"start":{"line":69,"column":8},"end":{"line":69,"column":8}}]},"3":{"line":112,"type":"if","locations":[{"start":{"line":112,"column":8},"end":{"line":112,"column":8}},{"start":{"line":112,"column":8},"end":{"line":112,"column":8}}]}}},"contracts/IAUR.sol":{"l":{},"path":"/Users/xhad/code/aurbit/strategy-game/packages/contracts/contracts/IAUR.sol","s":{},"b":{},"f":{},"fnMap":{},"statementMap":{},"branchMap":{}},"contracts/IAURGov.sol":{"l":{},"path":"/Users/xhad/code/aurbit/strategy-game/packages/contracts/contracts/IAURGov.sol","s":{},"b":{},"f":{},"fnMap":{},"statementMap":{},"branchMap":{}},"contracts/IAvatar.sol":{"l":{},"path":"/Users/xhad/code/aurbit/strategy-game/packages/contracts/contracts/IAvatar.sol","s":{},"b":{},"f":{},"fnMap":{},"statementMap":{},"branchMap":{}},"contracts/IPlanet.sol":{"l":{},"path":"/Users/xhad/code/aurbit/strategy-game/packages/contracts/contracts/IPlanet.sol","s":{},"b":{},"f":{},"fnMap":{},"statementMap":{},"branchMap":{}},"contracts/Planet.sol":{"l":{"81":0,"86":0,"87":0,"88":0,"89":0,"90":0,"91":0,"95":0,"96":0,"100":0,"101":0,"102":0,"107":0,"111":0,"119":0,"120":0,"124":0,"125":0,"131":0,"132":0,"136":0,"137":0,"138":0,"142":0,"143":0,"144":0,"149":0,"150":0,"155":0,"160":0,"165":0,"166":0,"167":0,"168":0,"169":0,"170":0,"171":0,"174":0,"175":0,"176":0,"177":0,"178":0,"186":0,"187":0,"188":0,"189":0,"190":0,"191":0,"192":0,"193":0,"194":0,"195":0,"197":0,"206":0,"207":0,"208":0,"209":0,"210":0,"211":0,"212":0,"213":0,"214":0,"215":0,"217":0,"224":0,"225":0,"236":0,"237":0,"240":0,"241":0,"242":0,"245":0,"246":0,"247":0,"248":0,"251":0,"256":0,"271":0,"272":0,"273":0,"274":0,"275":0,"276":0,"277":0,"278":0,"280":0,"284":0,"285":0,"295":0,"296":0,"297":0,"298":0,"299":0,"301":0,"302":0,"303":0,"304":0,"305":0,"307":0,"311":0,"312":0,"314":0,"317":0,"318":0,"326":0,"327":0,"328":0,"329":0,"330":0,"331":0,"342":0,"346":0,"347":0,"355":0,"356":0,"357":0,"358":0,"359":0,"360":0,"361":0,"362":0,"366":0,"367":0,"368":0,"369":0,"373":0,"374":0,"375":0,"376":0,"377":0,"379":0,"381":0,"386":0,"387":0,"388":0,"389":0,"390":0,"392":0,"393":0,"394":0,"395":0,"403":0,"414":0,"415":0,"416":0,"417":0,"418":0,"419":0,"420":0,"421":0,"422":0,"423":0,"427":0,"429":0,"430":0,"431":0,"433":0,"436":0,"437":0,"440":0,"441":0,"442":0,"443":0,"444":0,"445":0,"447":0,"449":0,"450":0,"458":0,"462":0,"474":0,"475":0,"477":0,"482":0,"486":0,"490":0,"514":0,"515":0,"516":0,"518":0,"519":0,"522":0,"524":0,"525":0,"526":0,"529":0,"537":0,"538":0,"539":0,"540":0,"549":0,"550":0,"553":0,"554":0,"555":0,"556":0,"565":0,"566":0,"567":0,"568":0,"569":0,"571":0,"572":0,"573":0,"575":0,"577":0,"578":0,"591":0,"594":0,"595":0,"596":0,"597":0,"598":0,"603":0,"604":0,"613":0,"614":0,"615":0,"616":0,"617":0,"618":0,"619":0,"622":0,"626":0,"627":0,"628":0,"632":0,"633":0,"634":0,"635":0,"636":0,"637":0,"638":0,"639":0,"642":0,"647":0,"648":0,"659":0,"660":0,"663":0,"670":0,"674":0,"675":0,"676":0,"677":0},"path":"/Users/xhad/code/aurbit/strategy-game/packages/contracts/contracts/Planet.sol","s":{"1":0,"2":0,"3":0,"4":0,"5":0,"6":0,"7":0,"8":0,"9":0,"10":0,"11":0,"12":0,"13":0,"14":0,"15":0,"16":0,"17":0,"18":0,"19":0,"20":0,"21":0,"22":0,"23":0,"24":0,"25":0,"26":0,"27":0,"28":0,"29":0,"30":0,"31":0,"32":0,"33":0,"34":0,"35":0,"36":0,"37":0,"38":0,"39":0,"40":0,"41":0,"42":0,"43":0,"44":0,"45":0,"46":0,"47":0,"48":0,"49":0,"50":0,"51":0,"52":0,"53":0,"54":0,"55":0,"56":0,"57":0,"58":0,"59":0,"60":0,"61":0,"62":0,"63":0,"64":0,"65":0,"66":0,"67":0,"68":0,"69":0,"70":0,"71":0,"72":0,"73":0,"74":0,"75":0,"76":0,"77":0,"78":0,"79":0,"80":0,"81":0,"82":0,"83":0,"84":0,"85":0,"86":0,"87":0,"88":0,"89":0,"90":0,"91":0,"92":0,"93":0,"94":0,"95":0,"96":0,"97":0,"98":0,"99":0,"100":0,"101":0,"102":0,"103":0,"104":0,"105":0,"106":0,"107":0,"108":0,"109":0,"110":0,"111":0,"112":0,"113":0,"114":0,"115":0,"116":0,"117":0,"118":0,"119":0,"120":0,"121":0,"122":0,"123":0,"124":0,"125":0,"126":0,"127":0,"128":0,"129":0,"130":0,"131":0,"132":0,"133":0,"134":0,"135":0,"136":0,"137":0,"138":0,"139":0,"140":0,"141":0,"142":0,"143":0,"144":0,"145":0,"146":0,"147":0,"148":0,"149":0,"150":0,"151":0,"152":0,"153":0,"154":0,"155":0,"156":0,"157":0,"158":0,"159":0,"160":0,"161":0,"162":0,"163":0,"164":0,"165":0,"166":0,"167":0,"168":0,"169":0,"170":0,"171":0,"172":0,"173":0,"174":0,"175":0,"176":0,"177":0,"178":0,"179":0,"180":0,"181":0,"182":0,"183":0,"184":0,"185":0,"186":0,"187":0,"188":0,"189":0,"190":0,"191":0,"192":0,"193":0,"194":0,"195":0,"196":0,"197":0,"198":0,"199":0,"200":0,"201":0,"202":0,"203":0,"204":0,"205":0,"206":0,"207":0,"208":0,"209":0,"210":0,"211":0,"212":0,"213":0,"214":0,"215":0,"216":0,"217":0,"218":0,"219":0,"220":0,"221":0,"222":0,"223":0,"224":0,"225":0,"226":0,"227":0,"228":0,"229":0,"230":0,"231":0,"232":0,"233":0,"234":0,"235":0,"236":0,"237":0,"238":0,"239":0,"240":0,"241":0,"242":0,"243":0,"244":0},"b":{"1":[0,0],"2":[0,0],"3":[0,0],"4":[0,0],"5":[0,0],"6":[0,0],"7":[0,0],"8":[0,0],"9":[0,0],"10":[0,0],"11":[0,0],"12":[0,0],"13":[0,0],"14":[0,0],"15":[0,0],"16":[0,0],"17":[0,0],"18":[0,0],"19":[0,0],"20":[0,0],"21":[0,0],"22":[0,0],"23":[0,0],"24":[0,0],"25":[0,0],"26":[0,0],"27":[0,0],"28":[0,0],"29":[0,0],"30":[0,0],"31":[0,0],"32":[0,0],"33":[0,0],"34":[0,0],"35":[0,0],"36":[0,0],"37":[0,0],"38":[0,0],"39":[0,0],"40":[0,0],"41":[0,0],"42":[0,0],"43":[0,0],"44":[0,0],"45":[0,0],"46":[0,0],"47":[0,0],"48":[0,0],"49":[0,0],"50":[0,0],"51":[0,0],"52":[0,0]},"f":{"1":0,"2":0,"3":0,"4":0,"5":0,"6":0,"7":0,"8":0,"9":0,"10":0,"11":0,"12":0,"13":0,"14":0,"15":0,"16":0,"17":0,"18":0,"19":0,"20":0,"21":0,"22":0,"23":0,"24":0,"25":0,"26":0,"27":0,"28":0,"29":0,"30":0,"31":0,"32":0,"33":0,"34":0,"35":0,"36":0,"37":0,"38":0,"39":0,"40":0,"41":0,"42":0},"fnMap":{"1":{"name":"constructor","line":80,"loc":{"start":{"line":80,"column":4},"end":{"line":92,"column":4}}},"2":{"name":"setMap","line":94,"loc":{"start":{"line":94,"column":4},"end":{"line":97,"column":4}}},"3":{"name":"bytes2uint","line":99,"loc":{"start":{"line":99,"column":4},"end":{"line":108,"column":4}}},"4":{"name":"forward","line":110,"loc":{"start":{"line":110,"column":4},"end":{"line":112,"column":4}}},"5":{"name":"setTileBuyFee","line":118,"loc":{"start":{"line":118,"column":4},"end":{"line":121,"column":4}}},"6":{"name":"setMiningRate","line":123,"loc":{"start":{"line":123,"column":4},"end":{"line":126,"column":4}}},"7":{"name":"setminAURUnit","line":128,"loc":{"start":{"line":128,"column":4},"end":{"line":133,"column":4}}},"8":{"name":"setTokenContract","line":135,"loc":{"start":{"line":135,"column":4},"end":{"line":139,"column":4}}},"9":{"name":"setAvatarContract","line":141,"loc":{"start":{"line":141,"column":4},"end":{"line":145,"column":4}}},"10":{"name":"setGovContract","line":147,"loc":{"start":{"line":147,"column":4},"end":{"line":151,"column":4}}},"11":{"name":"mintTokens","line":153,"loc":{"start":{"line":153,"column":4},"end":{"line":156,"column":4}}},"12":{"name":"burnTokens","line":158,"loc":{"start":{"line":158,"column":4},"end":{"line":161,"column":4}}},"13":{"name":"mineMyTokens","line":163,"loc":{"start":{"line":163,"column":4},"end":{"line":179,"column":4}}},"14":{"name":"deallocateTokens","line":181,"loc":{"start":{"line":181,"column":4},"end":{"line":198,"column":4}}},"15":{"name":"allocateTokens","line":201,"loc":{"start":{"line":201,"column":4},"end":{"line":218,"column":4}}},"16":{"name":"getMineRatio","line":220,"loc":{"start":{"line":220,"column":4},"end":{"line":226,"column":4}}},"17":{"name":"tokensReceived","line":228,"loc":{"start":{"line":228,"column":4},"end":{"line":265,"column":4}}},"18":{"name":"WithdrawTokens","line":267,"loc":{"start":{"line":267,"column":4},"end":{"line":281,"column":4}}},"19":{"name":"getPlayerAddress","line":283,"loc":{"start":{"line":283,"column":4},"end":{"line":286,"column":4}}},"20":{"name":"buyTile","line":288,"loc":{"start":{"line":288,"column":4},"end":{"line":319,"column":4}}},"21":{"name":"newTileOwner","line":321,"loc":{"start":{"line":321,"column":4},"end":{"line":332,"column":4}}},"22":{"name":"TakeATile","line":334,"loc":{"start":{"line":334,"column":4},"end":{"line":348,"column":4}}},"23":{"name":"AerialAttack","line":350,"loc":{"start":{"line":350,"column":4},"end":{"line":404,"column":4}}},"24":{"name":"BattleTile","line":408,"loc":{"start":{"line":408,"column":4},"end":{"line":459,"column":4}}},"25":{"name":"getEntropy","line":461,"loc":{"start":{"line":461,"column":4},"end":{"line":470,"column":4}}},"26":{"name":"min","line":472,"loc":{"start":{"line":472,"column":4},"end":{"line":479,"column":4}}},"27":{"name":"getMap","line":481,"loc":{"start":{"line":481,"column":4},"end":{"line":483,"column":4}}},"28":{"name":"getPlayers","line":485,"loc":{"start":{"line":485,"column":4},"end":{"line":487,"column":4}}},"29":{"name":"getTiles","line":489,"loc":{"start":{"line":489,"column":4},"end":{"line":491,"column":4}}},"30":{"name":"RiskRoll","line":506,"loc":{"start":{"line":506,"column":4},"end":{"line":530,"column":4}}},"31":{"name":"CanBattleTile","line":532,"loc":{"start":{"line":532,"column":4},"end":{"line":541,"column":4}}},"32":{"name":"CanTakeATile","line":543,"loc":{"start":{"line":543,"column":4},"end":{"line":559,"column":4}}},"33":{"name":"changeTileOwner","line":561,"loc":{"start":{"line":561,"column":4},"end":{"line":579,"column":4}}},"34":{"name":"createNewPlayer","line":581,"loc":{"start":{"line":581,"column":4},"end":{"line":599,"column":4}}},"35":{"name":"isPlaying","line":601,"loc":{"start":{"line":601,"column":4},"end":{"line":605,"column":4}}},"36":{"name":"getPlayerId","line":607,"loc":{"start":{"line":607,"column":4},"end":{"line":623,"column":4}}},"37":{"name":"isTileOwned","line":625,"loc":{"start":{"line":625,"column":4},"end":{"line":629,"column":4}}},"38":{"name":"WhoOwnsTile","line":631,"loc":{"start":{"line":631,"column":4},"end":{"line":643,"column":4}}},"39":{"name":"mkindex","line":645,"loc":{"start":{"line":645,"column":4},"end":{"line":649,"column":4}}},"40":{"name":"isneighbor","line":656,"loc":{"start":{"line":656,"column":4},"end":{"line":666,"column":4}}},"41":{"name":"pullbit","line":668,"loc":{"start":{"line":668,"column":4},"end":{"line":671,"column":4}}},"42":{"name":"isLand","line":673,"loc":{"start":{"line":673,"column":4},"end":{"line":678,"column":4}}}},"statementMap":{"1":{"start":{"line":81,"column":8},"end":{"line":81,"column":2702}},"2":{"start":{"line":86,"column":8},"end":{"line":86,"column":25}},"3":{"start":{"line":87,"column":8},"end":{"line":87,"column":35}},"4":{"start":{"line":88,"column":8},"end":{"line":88,"column":39}},"5":{"start":{"line":89,"column":8},"end":{"line":89,"column":26}},"6":{"start":{"line":90,"column":8},"end":{"line":90,"column":26}},"7":{"start":{"line":91,"column":8},"end":{"line":91,"column":35}},"8":{"start":{"line":95,"column":8},"end":{"line":95,"column":35}},"9":{"start":{"line":96,"column":8},"end":{"line":96,"column":17}},"10":{"start":{"line":100,"column":8},"end":{"line":100,"column":22}},"11":{"start":{"line":101,"column":8},"end":{"line":101,"column":3313}},"12":{"start":{"line":102,"column":12},"end":{"line":102,"column":3404}},"13":{"start":{"line":107,"column":8},"end":{"line":107,"column":21}},"14":{"start":{"line":111,"column":8},"end":{"line":111,"column":50}},"15":{"start":{"line":119,"column":8},"end":{"line":119,"column":52}},"16":{"start":{"line":120,"column":8},"end":{"line":120,"column":27}},"17":{"start":{"line":124,"column":8},"end":{"line":124,"column":52}},"18":{"start":{"line":125,"column":8},"end":{"line":125,"column":37}},"19":{"start":{"line":131,"column":8},"end":{"line":131,"column":52}},"20":{"start":{"line":132,"column":8},"end":{"line":132,"column":28}},"21":{"start":{"line":136,"column":8},"end":{"line":136,"column":52}},"22":{"start":{"line":137,"column":8},"end":{"line":137,"column":37}},"23":{"start":{"line":138,"column":8},"end":{"line":138,"column":38}},"24":{"start":{"line":142,"column":8},"end":{"line":142,"column":52}},"25":{"start":{"line":143,"column":8},"end":{"line":143,"column":39}},"26":{"start":{"line":144,"column":8},"end":{"line":144,"column":39}},"27":{"start":{"line":149,"column":8},"end":{"line":149,"column":33}},"28":{"start":{"line":150,"column":8},"end":{"line":150,"column":37}},"29":{"start":{"line":155,"column":8},"end":{"line":155,"column":38}},"30":{"start":{"line":160,"column":8},"end":{"line":160,"column":38}},"31":{"start":{"line":165,"column":8},"end":{"line":165,"column":68}},"32":{"start":{"line":166,"column":8},"end":{"line":166,"column":48}},"33":{"start":{"line":167,"column":8},"end":{"line":167,"column":24}},"34":{"start":{"line":168,"column":8},"end":{"line":168,"column":5683}},"35":{"start":{"line":169,"column":12},"end":{"line":169,"column":5740}},"36":{"start":{"line":170,"column":16},"end":{"line":170,"column":38}},"37":{"start":{"line":171,"column":16},"end":{"line":171,"column":56}},"38":{"start":{"line":174,"column":8},"end":{"line":174,"column":35}},"39":{"start":{"line":175,"column":8},"end":{"line":175,"column":23}},"40":{"start":{"line":176,"column":8},"end":{"line":176,"column":38}},"41":{"start":{"line":177,"column":8},"end":{"line":177,"column":65}},"42":{"start":{"line":178,"column":8},"end":{"line":178,"column":19}},"43":{"start":{"line":186,"column":8},"end":{"line":186,"column":68}},"44":{"start":{"line":187,"column":8},"end":{"line":187,"column":68}},"45":{"start":{"line":188,"column":8},"end":{"line":188,"column":24}},"46":{"start":{"line":189,"column":8},"end":{"line":189,"column":48}},"47":{"start":{"line":190,"column":8},"end":{"line":190,"column":6514}},"48":{"start":{"line":191,"column":12},"end":{"line":191,"column":40}},"49":{"start":{"line":192,"column":12},"end":{"line":192,"column":39}},"50":{"start":{"line":193,"column":12},"end":{"line":193,"column":21}},"51":{"start":{"line":194,"column":12},"end":{"line":194,"column":69}},"52":{"start":{"line":195,"column":12},"end":{"line":195,"column":68}},"53":{"start":{"line":197,"column":8},"end":{"line":197,"column":18}},"54":{"start":{"line":206,"column":8},"end":{"line":206,"column":68}},"55":{"start":{"line":207,"column":8},"end":{"line":207,"column":68}},"56":{"start":{"line":208,"column":8},"end":{"line":208,"column":24}},"57":{"start":{"line":209,"column":8},"end":{"line":209,"column":48}},"58":{"start":{"line":210,"column":8},"end":{"line":210,"column":7306}},"59":{"start":{"line":211,"column":12},"end":{"line":211,"column":40}},"60":{"start":{"line":212,"column":12},"end":{"line":212,"column":39}},"61":{"start":{"line":213,"column":12},"end":{"line":213,"column":21}},"62":{"start":{"line":214,"column":12},"end":{"line":214,"column":68}},"63":{"start":{"line":215,"column":12},"end":{"line":215,"column":69}},"64":{"start":{"line":217,"column":8},"end":{"line":217,"column":18}},"65":{"start":{"line":224,"column":8},"end":{"line":224,"column":72}},"66":{"start":{"line":225,"column":8},"end":{"line":225,"column":47}},"67":{"start":{"line":236,"column":8},"end":{"line":236,"column":69}},"68":{"start":{"line":237,"column":8},"end":{"line":237,"column":8307}},"69":{"start":{"line":240,"column":12},"end":{"line":240,"column":52}},"70":{"start":{"line":241,"column":12},"end":{"line":241,"column":8596}},"71":{"start":{"line":242,"column":16},"end":{"line":242,"column":67}},"72":{"start":{"line":245,"column":12},"end":{"line":245,"column":52}},"73":{"start":{"line":246,"column":12},"end":{"line":246,"column":8841}},"74":{"start":{"line":247,"column":16},"end":{"line":247,"column":45}},"75":{"start":{"line":248,"column":16},"end":{"line":248,"column":73}},"76":{"start":{"line":251,"column":16},"end":{"line":251,"column":9096}},"77":{"start":{"line":256,"column":8},"end":{"line":256,"column":9226}},"78":{"start":{"line":271,"column":8},"end":{"line":271,"column":68}},"79":{"start":{"line":272,"column":8},"end":{"line":272,"column":24}},"80":{"start":{"line":273,"column":8},"end":{"line":273,"column":48}},"81":{"start":{"line":274,"column":8},"end":{"line":274,"column":9704}},"82":{"start":{"line":275,"column":12},"end":{"line":275,"column":46}},"83":{"start":{"line":276,"column":12},"end":{"line":276,"column":39}},"84":{"start":{"line":277,"column":12},"end":{"line":277,"column":69}},"85":{"start":{"line":278,"column":12},"end":{"line":278,"column":21}},"86":{"start":{"line":280,"column":8},"end":{"line":280,"column":18}},"87":{"start":{"line":284,"column":8},"end":{"line":284,"column":50}},"88":{"start":{"line":285,"column":8},"end":{"line":285,"column":39}},"89":{"start":{"line":295,"column":8},"end":{"line":295,"column":36}},"90":{"start":{"line":296,"column":8},"end":{"line":296,"column":68}},"91":{"start":{"line":297,"column":8},"end":{"line":297,"column":59}},"92":{"start":{"line":298,"column":8},"end":{"line":298,"column":47}},"93":{"start":{"line":299,"column":8},"end":{"line":299,"column":10588}},"94":{"start":{"line":301,"column":12},"end":{"line":301,"column":10646}},"95":{"start":{"line":302,"column":16},"end":{"line":302,"column":53}},"96":{"start":{"line":303,"column":16},"end":{"line":303,"column":73}},"97":{"start":{"line":304,"column":16},"end":{"line":304,"column":33}},"98":{"start":{"line":305,"column":16},"end":{"line":305,"column":47}},"99":{"start":{"line":307,"column":16},"end":{"line":307,"column":63}},"100":{"start":{"line":311,"column":12},"end":{"line":311,"column":11075}},"101":{"start":{"line":312,"column":16},"end":{"line":312,"column":47}},"102":{"start":{"line":314,"column":16},"end":{"line":314,"column":36}},"103":{"start":{"line":317,"column":8},"end":{"line":317,"column":16}},"104":{"start":{"line":318,"column":8},"end":{"line":318,"column":19}},"105":{"start":{"line":326,"column":8},"end":{"line":326,"column":59}},"106":{"start":{"line":327,"column":8},"end":{"line":327,"column":19}},"107":{"start":{"line":328,"column":8},"end":{"line":328,"column":48}},"108":{"start":{"line":329,"column":8},"end":{"line":329,"column":41}},"109":{"start":{"line":330,"column":8},"end":{"line":330,"column":63}},"110":{"start":{"line":331,"column":8},"end":{"line":331,"column":31}},"111":{"start":{"line":342,"column":8},"end":{"line":342,"column":12113}},"112":{"start":{"line":346,"column":8},"end":{"line":346,"column":39}},"113":{"start":{"line":347,"column":8},"end":{"line":347,"column":19}},"114":{"start":{"line":355,"column":8},"end":{"line":355,"column":68}},"115":{"start":{"line":356,"column":8},"end":{"line":356,"column":48}},"116":{"start":{"line":357,"column":8},"end":{"line":357,"column":24}},"117":{"start":{"line":358,"column":8},"end":{"line":358,"column":23}},"118":{"start":{"line":359,"column":8},"end":{"line":359,"column":24}},"119":{"start":{"line":360,"column":8},"end":{"line":360,"column":46}},"120":{"start":{"line":361,"column":8},"end":{"line":361,"column":12686}},"121":{"start":{"line":362,"column":12},"end":{"line":362,"column":32}},"122":{"start":{"line":366,"column":8},"end":{"line":366,"column":73}},"123":{"start":{"line":367,"column":8},"end":{"line":367,"column":49}},"124":{"start":{"line":368,"column":8},"end":{"line":368,"column":13035}},"125":{"start":{"line":369,"column":12},"end":{"line":369,"column":13078}},"126":{"start":{"line":373,"column":12},"end":{"line":373,"column":43}},"127":{"start":{"line":374,"column":12},"end":{"line":374,"column":13263}},"128":{"start":{"line":375,"column":16},"end":{"line":375,"column":47}},"129":{"start":{"line":376,"column":16},"end":{"line":376,"column":25}},"130":{"start":{"line":377,"column":16},"end":{"line":377,"column":42}},"131":{"start":{"line":379,"column":16},"end":{"line":379,"column":78}},"132":{"start":{"line":381,"column":12},"end":{"line":381,"column":13569}},"133":{"start":{"line":386,"column":12},"end":{"line":386,"column":45}},"134":{"start":{"line":387,"column":12},"end":{"line":387,"column":53}},"135":{"start":{"line":388,"column":12},"end":{"line":388,"column":43}},"136":{"start":{"line":389,"column":12},"end":{"line":389,"column":21}},"137":{"start":{"line":390,"column":12},"end":{"line":390,"column":38}},"138":{"start":{"line":392,"column":8},"end":{"line":392,"column":63}},"139":{"start":{"line":393,"column":8},"end":{"line":393,"column":65}},"140":{"start":{"line":394,"column":8},"end":{"line":394,"column":26}},"141":{"start":{"line":395,"column":8},"end":{"line":395,"column":14121}},"142":{"start":{"line":403,"column":8},"end":{"line":403,"column":18}},"143":{"start":{"line":414,"column":8},"end":{"line":414,"column":78}},"144":{"start":{"line":415,"column":8},"end":{"line":415,"column":24}},"145":{"start":{"line":416,"column":8},"end":{"line":416,"column":26}},"146":{"start":{"line":417,"column":8},"end":{"line":417,"column":26}},"147":{"start":{"line":418,"column":8},"end":{"line":418,"column":27}},"148":{"start":{"line":419,"column":8},"end":{"line":419,"column":48}},"149":{"start":{"line":420,"column":8},"end":{"line":420,"column":51}},"150":{"start":{"line":421,"column":8},"end":{"line":421,"column":44}},"151":{"start":{"line":422,"column":8},"end":{"line":422,"column":14992}},"152":{"start":{"line":423,"column":12},"end":{"line":423,"column":15031}},"153":{"start":{"line":427,"column":12},"end":{"line":427,"column":15178}},"154":{"start":{"line":429,"column":16},"end":{"line":429,"column":47}},"155":{"start":{"line":430,"column":16},"end":{"line":430,"column":25}},"156":{"start":{"line":431,"column":16},"end":{"line":431,"column":42}},"157":{"start":{"line":433,"column":12},"end":{"line":433,"column":15439}},"158":{"start":{"line":436,"column":12},"end":{"line":436,"column":38}},"159":{"start":{"line":437,"column":12},"end":{"line":437,"column":43}},"160":{"start":{"line":438,"column":15},"end":{"line":438,"column":15615}},"161":{"start":{"line":440,"column":12},"end":{"line":440,"column":43}},"162":{"start":{"line":441,"column":12},"end":{"line":441,"column":41}},"163":{"start":{"line":442,"column":12},"end":{"line":442,"column":66}},"164":{"start":{"line":443,"column":12},"end":{"line":443,"column":31}},"165":{"start":{"line":444,"column":12},"end":{"line":444,"column":21}},"166":{"start":{"line":445,"column":12},"end":{"line":445,"column":38}},"167":{"start":{"line":447,"column":12},"end":{"line":447,"column":51}},"168":{"start":{"line":449,"column":8},"end":{"line":449,"column":26}},"169":{"start":{"line":450,"column":8},"end":{"line":450,"column":16060}},"170":{"start":{"line":458,"column":8},"end":{"line":458,"column":18}},"171":{"start":{"line":462,"column":8},"end":{"line":462,"column":16317}},"172":{"start":{"line":474,"column":8},"end":{"line":474,"column":16814}},"173":{"start":{"line":475,"column":12},"end":{"line":475,"column":20}},"174":{"start":{"line":477,"column":12},"end":{"line":477,"column":20}},"175":{"start":{"line":482,"column":8},"end":{"line":482,"column":20}},"176":{"start":{"line":486,"column":8},"end":{"line":486,"column":24}},"177":{"start":{"line":490,"column":8},"end":{"line":490,"column":22}},"178":{"start":{"line":514,"column":8},"end":{"line":514,"column":38}},"179":{"start":{"line":515,"column":8},"end":{"line":515,"column":25}},"180":{"start":{"line":516,"column":8},"end":{"line":516,"column":18070}},"181":{"start":{"line":518,"column":12},"end":{"line":518,"column":18168}},"182":{"start":{"line":519,"column":16},"end":{"line":519,"column":46}},"183":{"start":{"line":522,"column":16},"end":{"line":522,"column":46}},"184":{"start":{"line":525,"column":12},"end":{"line":525,"column":18445}},"185":{"start":{"line":526,"column":16},"end":{"line":526,"column":64}},"186":{"start":{"line":529,"column":8},"end":{"line":529,"column":29}},"187":{"start":{"line":537,"column":8},"end":{"line":537,"column":36}},"188":{"start":{"line":538,"column":8},"end":{"line":538,"column":68}},"189":{"start":{"line":539,"column":8},"end":{"line":539,"column":53}},"190":{"start":{"line":540,"column":8},"end":{"line":540,"column":69}},"191":{"start":{"line":549,"column":8},"end":{"line":549,"column":36}},"192":{"start":{"line":550,"column":8},"end":{"line":550,"column":68}},"193":{"start":{"line":553,"column":8},"end":{"line":553,"column":53}},"194":{"start":{"line":554,"column":8},"end":{"line":554,"column":53}},"195":{"start":{"line":555,"column":8},"end":{"line":555,"column":76}},"196":{"start":{"line":556,"column":8},"end":{"line":556,"column":19601}},"197":{"start":{"line":565,"column":8},"end":{"line":565,"column":36}},"198":{"start":{"line":566,"column":8},"end":{"line":566,"column":68}},"199":{"start":{"line":567,"column":8},"end":{"line":567,"column":54}},"200":{"start":{"line":568,"column":8},"end":{"line":568,"column":24}},"201":{"start":{"line":569,"column":8},"end":{"line":569,"column":20002}},"202":{"start":{"line":571,"column":12},"end":{"line":571,"column":38}},"203":{"start":{"line":572,"column":12},"end":{"line":572,"column":31}},"204":{"start":{"line":573,"column":12},"end":{"line":573,"column":21}},"205":{"start":{"line":574,"column":15},"end":{"line":574,"column":20172}},"206":{"start":{"line":575,"column":12},"end":{"line":575,"column":45}},"207":{"start":{"line":577,"column":8},"end":{"line":577,"column":56}},"208":{"start":{"line":578,"column":8},"end":{"line":578,"column":18}},"209":{"start":{"line":591,"column":8},"end":{"line":591,"column":66}},"210":{"start":{"line":594,"column":8},"end":{"line":594,"column":76}},"211":{"start":{"line":595,"column":8},"end":{"line":595,"column":21}},"212":{"start":{"line":596,"column":8},"end":{"line":596,"column":55}},"213":{"start":{"line":597,"column":8},"end":{"line":597,"column":33}},"214":{"start":{"line":598,"column":8},"end":{"line":598,"column":33}},"215":{"start":{"line":603,"column":8},"end":{"line":603,"column":45}},"216":{"start":{"line":604,"column":8},"end":{"line":604,"column":18}},"217":{"start":{"line":613,"column":8},"end":{"line":613,"column":27}},"218":{"start":{"line":614,"column":8},"end":{"line":614,"column":19}},"219":{"start":{"line":615,"column":8},"end":{"line":615,"column":21627}},"220":{"start":{"line":616,"column":12},"end":{"line":616,"column":21690}},"221":{"start":{"line":617,"column":16},"end":{"line":617,"column":28}},"222":{"start":{"line":618,"column":16},"end":{"line":618,"column":22}},"223":{"start":{"line":622,"column":8},"end":{"line":622,"column":28}},"224":{"start":{"line":626,"column":8},"end":{"line":626,"column":36}},"225":{"start":{"line":627,"column":8},"end":{"line":627,"column":49}},"226":{"start":{"line":628,"column":8},"end":{"line":628,"column":28}},"227":{"start":{"line":632,"column":8},"end":{"line":632,"column":36}},"228":{"start":{"line":633,"column":8},"end":{"line":633,"column":23}},"229":{"start":{"line":634,"column":8},"end":{"line":634,"column":23}},"230":{"start":{"line":635,"column":8},"end":{"line":635,"column":22294}},"231":{"start":{"line":636,"column":12},"end":{"line":636,"column":22355}},"232":{"start":{"line":637,"column":16},"end":{"line":637,"column":35}},"233":{"start":{"line":638,"column":16},"end":{"line":638,"column":22}},"234":{"start":{"line":642,"column":8},"end":{"line":642,"column":25}},"235":{"start":{"line":647,"column":8},"end":{"line":647,"column":32}},"236":{"start":{"line":648,"column":8},"end":{"line":648,"column":18}},"237":{"start":{"line":659,"column":8},"end":{"line":659,"column":75}},"238":{"start":{"line":660,"column":8},"end":{"line":660,"column":23260}},"239":{"start":{"line":663,"column":8},"end":{"line":663,"column":23370}},"240":{"start":{"line":670,"column":8},"end":{"line":670,"column":45}},"241":{"start":{"line":674,"column":8},"end":{"line":674,"column":35}},"242":{"start":{"line":675,"column":8},"end":{"line":675,"column":38}},"243":{"start":{"line":676,"column":8},"end":{"line":676,"column":43}},"244":{"start":{"line":677,"column":8},"end":{"line":677,"column":40}}},"branchMap":{"1":{"line":95,"type":"if","locations":[{"start":{"line":95,"column":8},"end":{"line":95,"column":8}},{"start":{"line":95,"column":8},"end":{"line":95,"column":8}}]},"2":{"line":119,"type":"if","locations":[{"start":{"line":119,"column":8},"end":{"line":119,"column":8}},{"start":{"line":119,"column":8},"end":{"line":119,"column":8}}]},"3":{"line":124,"type":"if","locations":[{"start":{"line":124,"column":8},"end":{"line":124,"column":8}},{"start":{"line":124,"column":8},"end":{"line":124,"column":8}}]},"4":{"line":131,"type":"if","locations":[{"start":{"line":131,"column":8},"end":{"line":131,"column":8}},{"start":{"line":131,"column":8},"end":{"line":131,"column":8}}]},"5":{"line":136,"type":"if","locations":[{"start":{"line":136,"column":8},"end":{"line":136,"column":8}},{"start":{"line":136,"column":8},"end":{"line":136,"column":8}}]},"6":{"line":142,"type":"if","locations":[{"start":{"line":142,"column":8},"end":{"line":142,"column":8}},{"start":{"line":142,"column":8},"end":{"line":142,"column":8}}]},"7":{"line":165,"type":"if","locations":[{"start":{"line":165,"column":8},"end":{"line":165,"column":8}},{"start":{"line":165,"column":8},"end":{"line":165,"column":8}}]},"8":{"line":169,"type":"if","locations":[{"start":{"line":169,"column":12},"end":{"line":169,"column":12}},{"start":{"line":169,"column":12},"end":{"line":169,"column":12}}]},"9":{"line":186,"type":"if","locations":[{"start":{"line":186,"column":8},"end":{"line":186,"column":8}},{"start":{"line":186,"column":8},"end":{"line":186,"column":8}}]},"10":{"line":190,"type":"if","locations":[{"start":{"line":190,"column":8},"end":{"line":190,"column":8}},{"start":{"line":190,"column":8},"end":{"line":190,"column":8}}]},"11":{"line":206,"type":"if","locations":[{"start":{"line":206,"column":8},"end":{"line":206,"column":8}},{"start":{"line":206,"column":8},"end":{"line":206,"column":8}}]},"12":{"line":210,"type":"if","locations":[{"start":{"line":210,"column":8},"end":{"line":210,"column":8}},{"start":{"line":210,"column":8},"end":{"line":210,"column":8}}]},"13":{"line":236,"type":"if","locations":[{"start":{"line":236,"column":8},"end":{"line":236,"column":8}},{"start":{"line":236,"column":8},"end":{"line":236,"column":8}}]},"14":{"line":237,"type":"if","locations":[{"start":{"line":237,"column":8},"end":{"line":237,"column":8}},{"start":{"line":237,"column":8},"end":{"line":237,"column":8}}]},"15":{"line":241,"type":"if","locations":[{"start":{"line":241,"column":12},"end":{"line":241,"column":12}},{"start":{"line":241,"column":12},"end":{"line":241,"column":12}}]},"16":{"line":246,"type":"if","locations":[{"start":{"line":246,"column":12},"end":{"line":246,"column":12}},{"start":{"line":246,"column":12},"end":{"line":246,"column":12}}]},"17":{"line":271,"type":"if","locations":[{"start":{"line":271,"column":8},"end":{"line":271,"column":8}},{"start":{"line":271,"column":8},"end":{"line":271,"column":8}}]},"18":{"line":274,"type":"if","locations":[{"start":{"line":274,"column":8},"end":{"line":274,"column":8}},{"start":{"line":274,"column":8},"end":{"line":274,"column":8}}]},"19":{"line":284,"type":"if","locations":[{"start":{"line":284,"column":8},"end":{"line":284,"column":8}},{"start":{"line":284,"column":8},"end":{"line":284,"column":8}}]},"20":{"line":295,"type":"if","locations":[{"start":{"line":295,"column":8},"end":{"line":295,"column":8}},{"start":{"line":295,"column":8},"end":{"line":295,"column":8}}]},"21":{"line":296,"type":"if","locations":[{"start":{"line":296,"column":8},"end":{"line":296,"column":8}},{"start":{"line":296,"column":8},"end":{"line":296,"column":8}}]},"22":{"line":299,"type":"if","locations":[{"start":{"line":299,"column":8},"end":{"line":299,"column":8}},{"start":{"line":299,"column":8},"end":{"line":299,"column":8}}]},"23":{"line":301,"type":"if","locations":[{"start":{"line":301,"column":12},"end":{"line":301,"column":12}},{"start":{"line":301,"column":12},"end":{"line":301,"column":12}}]},"24":{"line":311,"type":"if","locations":[{"start":{"line":311,"column":12},"end":{"line":311,"column":12}},{"start":{"line":311,"column":12},"end":{"line":311,"column":12}}]},"25":{"line":326,"type":"if","locations":[{"start":{"line":326,"column":8},"end":{"line":326,"column":8}},{"start":{"line":326,"column":8},"end":{"line":326,"column":8}}]},"26":{"line":342,"type":"if","locations":[{"start":{"line":342,"column":8},"end":{"line":342,"column":8}},{"start":{"line":342,"column":8},"end":{"line":342,"column":8}}]},"27":{"line":355,"type":"if","locations":[{"start":{"line":355,"column":8},"end":{"line":355,"column":8}},{"start":{"line":355,"column":8},"end":{"line":355,"column":8}}]},"28":{"line":361,"type":"if","locations":[{"start":{"line":361,"column":8},"end":{"line":361,"column":8}},{"start":{"line":361,"column":8},"end":{"line":361,"column":8}}]},"29":{"line":368,"type":"if","locations":[{"start":{"line":368,"column":8},"end":{"line":368,"column":8}},{"start":{"line":368,"column":8},"end":{"line":368,"column":8}}]},"30":{"line":374,"type":"if","locations":[{"start":{"line":374,"column":12},"end":{"line":374,"column":12}},{"start":{"line":374,"column":12},"end":{"line":374,"column":12}}]},"31":{"line":414,"type":"if","locations":[{"start":{"line":414,"column":8},"end":{"line":414,"column":8}},{"start":{"line":414,"column":8},"end":{"line":414,"column":8}}]},"32":{"line":422,"type":"if","locations":[{"start":{"line":422,"column":8},"end":{"line":422,"column":8}},{"start":{"line":422,"column":8},"end":{"line":422,"column":8}}]},"33":{"line":427,"type":"if","locations":[{"start":{"line":427,"column":12},"end":{"line":427,"column":12}},{"start":{"line":427,"column":12},"end":{"line":427,"column":12}}]},"34":{"line":438,"type":"if","locations":[{"start":{"line":438,"column":15},"end":{"line":438,"column":15}},{"start":{"line":438,"column":15},"end":{"line":438,"column":15}}]},"35":{"line":474,"type":"if","locations":[{"start":{"line":474,"column":8},"end":{"line":474,"column":8}},{"start":{"line":474,"column":8},"end":{"line":474,"column":8}}]},"36":{"line":518,"type":"if","locations":[{"start":{"line":518,"column":12},"end":{"line":518,"column":12}},{"start":{"line":518,"column":12},"end":{"line":518,"column":12}}]},"37":{"line":525,"type":"if","locations":[{"start":{"line":525,"column":12},"end":{"line":525,"column":12}},{"start":{"line":525,"column":12},"end":{"line":525,"column":12}}]},"38":{"line":537,"type":"if","locations":[{"start":{"line":537,"column":8},"end":{"line":537,"column":8}},{"start":{"line":537,"column":8},"end":{"line":537,"column":8}}]},"39":{"line":538,"type":"if","locations":[{"start":{"line":538,"column":8},"end":{"line":538,"column":8}},{"start":{"line":538,"column":8},"end":{"line":538,"column":8}}]},"40":{"line":549,"type":"if","locations":[{"start":{"line":549,"column":8},"end":{"line":549,"column":8}},{"start":{"line":549,"column":8},"end":{"line":549,"column":8}}]},"41":{"line":550,"type":"if","locations":[{"start":{"line":550,"column":8},"end":{"line":550,"column":8}},{"start":{"line":550,"column":8},"end":{"line":550,"column":8}}]},"42":{"line":565,"type":"if","locations":[{"start":{"line":565,"column":8},"end":{"line":565,"column":8}},{"start":{"line":565,"column":8},"end":{"line":565,"column":8}}]},"43":{"line":566,"type":"if","locations":[{"start":{"line":566,"column":8},"end":{"line":566,"column":8}},{"start":{"line":566,"column":8},"end":{"line":566,"column":8}}]},"44":{"line":569,"type":"if","locations":[{"start":{"line":569,"column":8},"end":{"line":569,"column":8}},{"start":{"line":569,"column":8},"end":{"line":569,"column":8}}]},"45":{"line":574,"type":"if","locations":[{"start":{"line":574,"column":15},"end":{"line":574,"column":15}},{"start":{"line":574,"column":15},"end":{"line":574,"column":15}}]},"46":{"line":591,"type":"if","locations":[{"start":{"line":591,"column":8},"end":{"line":591,"column":8}},{"start":{"line":591,"column":8},"end":{"line":591,"column":8}}]},"47":{"line":594,"type":"if","locations":[{"start":{"line":594,"column":8},"end":{"line":594,"column":8}},{"start":{"line":594,"column":8},"end":{"line":594,"column":8}}]},"48":{"line":616,"type":"if","locations":[{"start":{"line":616,"column":12},"end":{"line":616,"column":12}},{"start":{"line":616,"column":12},"end":{"line":616,"column":12}}]},"49":{"line":626,"type":"if","locations":[{"start":{"line":626,"column":8},"end":{"line":626,"column":8}},{"start":{"line":626,"column":8},"end":{"line":626,"column":8}}]},"50":{"line":632,"type":"if","locations":[{"start":{"line":632,"column":8},"end":{"line":632,"column":8}},{"start":{"line":632,"column":8},"end":{"line":632,"column":8}}]},"51":{"line":636,"type":"if","locations":[{"start":{"line":636,"column":12},"end":{"line":636,"column":12}},{"start":{"line":636,"column":12},"end":{"line":636,"column":12}}]},"52":{"line":674,"type":"if","locations":[{"start":{"line":674,"column":8},"end":{"line":674,"column":8}},{"start":{"line":674,"column":8},"end":{"line":674,"column":8}}]}}}}